<?xml version="1.0" encoding="UTF-8"?>
<testng-results ignored="0" total="1" passed="1" failed="0" skipped="0">
  <reporter-output>
  </reporter-output>
  <suite started-at="2022-09-23T13:09:12 IST" name="Default suite" finished-at="2022-09-23T13:09:12 IST" duration-ms="53">
    <groups>
    </groups>
    <test started-at="2022-09-23T13:09:12 IST" name="Default test" finished-at="2022-09-23T13:09:12 IST" duration-ms="53">
      <class name="practices.ContactTest">
        <test-method signature="contact()[pri:0, instance:practices.ContactTest@5552768b]" started-at="2022-09-23T13:09:12 IST" name="contact" finished-at="2022-09-23T13:09:12 IST" duration-ms="9" status="PASS">
          <reporter-output>
          </reporter-output>
        </test-method> <!-- contact -->
      </class> <!-- practices.ContactTest -->
    </test> <!-- Default test -->
  </suite> <!-- Default suite -->
</testng-results>
